<?xml version="1.0" encoding="UTF-8"?>
<testsuite xmlns:xsi="http://www.w3.org/2001/XMLSchema-instance" xsi:noNamespaceSchemaLocation="https://maven.apache.org/surefire/maven-surefire-plugin/xsd/surefire-test-report-3.0.xsd" version="3.0" name="runner.TestRunner" time="73.526" tests="3" errors="0" skipped="0" failures="0">
  <properties>
[...]
</properties>
  <testcase name="Login with valid credentials" classname="LoginFeature" time="26.618"/>
  <testcase name="Login with valid credentials2" classname="LoginFeature" time="18.944"/>
  <testcase name="Login with valid credentials using Scenario Outline" classname="LoginFeature" time="25.439"/>
</testsuite>